#
# There is insufficient memory for the Java Runtime Environment to continue.
# Native memory allocation (malloc) failed to allocate 1048576 bytes for AllocateHeap
# Possible reasons:
#   The system is out of physical RAM or swap space
#   The process is running with CompressedOops enabled, and the Java Heap may be blocking the growth of the native heap
# Possible solutions:
#   Reduce memory load on the system
#   Increase physical memory or swap space
#   Check if swap backing store is full
#   Decrease Java heap size (-Xmx/-Xms)
#   Decrease number of Java threads
#   Decrease Java thread stack sizes (-Xss)
#   Set larger code cache with -XX:ReservedCodeCacheSize=
#   JVM is running with Unscaled Compressed Oops mode in which the Java heap is
#     placed in the first 4GB address space. The Java Heap base address is the
#     maximum limit for the native heap growth. Please use -XX:HeapBaseMinAddress
#     to set the Java Heap base and to place the Java Heap above 4GB virtual address.
# This output file may be truncated or incomplete.
#
#  Out of Memory Error (./src/hotspot/share/memory/allocation.cpp:46), pid=12924, tid=3196
#
# JRE version: OpenJDK Runtime Environment JBR-11.0.8.10-944.34-jcef (11.0.8+10) (build 11.0.8+10-b944.34)
# Java VM: OpenJDK 64-Bit Server VM JBR-11.0.8.10-944.34-jcef (11.0.8+10-b944.34, mixed mode, tiered, compressed oops, g1 gc, windows-amd64)
# No core dump will be written. Minidumps are not enabled by default on client versions of Windows
#

---------------  S U M M A R Y ------------

Command Line: org.jetbrains.git4idea.http.GitAskPassApp Password for 'https://meteosplash@github.com': 

Host: Intel(R) Celeron(R) N4100 CPU @ 1.10GHz, 4 cores, 7G,  Windows 10 , 64 bit Build 18362 (10.0.18362.1110)
Time: Sun Jan  3 16:57:34 2021 Oeoiieaaineia a?aiy NOA (ceia) elapsed time: 0 seconds (0d 0h 0m 0s)

---------------  T H R E A D  ---------------

Current thread (0x0000021468c3b800):  VMThread "VM Thread" [stack: 0x000000dc0a500000,0x000000dc0a600000] [id=3196]

Stack: [0x000000dc0a500000,0x000000dc0a600000]
[error occurred during error reporting (printing stack bounds), id 0xc0000005, EXCEPTION_ACCESS_VIOLATION (0xc0000005) at pc=0x0000021452cf0dbd]

Native frames: (J=compiled Java code, j=interpreted, Vv=VM code, C=native code)
V  [jvm.dll+0x5de35a]
V  [jvm.dll+0x712355]
V  [jvm.dll+0x7138ad]
V  [jvm.dll+0x713ec5]
V  [jvm.dll+0x713e7b]
V  [jvm.dll+0x5dd7b8]
V  [jvm.dll+0x5ddf48]
C  [ntdll.dll+0xa184f]
C  [ntdll.dll+0x6a889]
C  [ntdll.dll+0xa04be]
C  0x0000021452cf0dbd

VM_Operation (0x000000dc09ffc6c0): CollectForMetadataAllocation, mode: safepoint, requested by thread 0x000002144f4cf800


---------------  P R O C E S S  ---------------

Threads class SMR info:
_java_thread_list=0x00000214697485a0, length=10, elements={
0x000002144f4cf800, 0x0000021468c5e800, 0x0000021468c61800, 0x00000214695ec000,
0x00000214695ed000, 0x00000214695ee000, 0x0000021468c75800, 0x0000021468c7f000,
0x0000021469741800, 0x0000021469752800
}

Java Threads: ( => current thread )
  0x000002144f4cf800 JavaThread "main" [_thread_blocked, id=12604, stack(0x000000dc09f00000,0x000000dc0a000000)]
  0x0000021468c5e800 JavaThread "Reference Handler" daemon [_thread_blocked, id=5008, stack(0x000000dc0a600000,0x000000dc0a700000)]
  0x0000021468c61800 JavaThread "Finalizer" daemon [_thread_blocked, id=11620, stack(0x000000dc0a700000,0x000000dc0a800000)]
  0x00000214695ec000 JavaThread "Signal Dispatcher" daemon [_thread_blocked, id=10928, stack(0x000000dc0a800000,0x000000dc0a900000)]
  0x00000214695ed000 JavaThread "Attach Listener" daemon [_thread_blocked, id=11796, stack(0x000000dc0a900000,0x000000dc0aa00000)]
  0x00000214695ee000 JavaThread "C2 CompilerThread0" daemon [_thread_blocked, id=13216, stack(0x000000dc0aa00000,0x000000dc0ab00000)]
  0x0000021468c75800 JavaThread "C1 CompilerThread0" daemon [_thread_blocked, id=10388, stack(0x000000dc0ab00000,0x000000dc0ac00000)]
  0x0000021468c7f000 JavaThread "Sweeper thread" daemon [_thread_blocked, id=9496, stack(0x000000dc0ac00000,0x000000dc0ad00000)]
  0x0000021469741800 JavaThread "Service Thread" daemon [_thread_blocked, id=8928, stack(0x000000dc0ad00000,0x000000dc0ae00000)]
  0x0000021469752800 JavaThread "Common-Cleaner" daemon [_thread_blocked, id=8000, stack(0x000000dc0af00000,0x000000dc0b000000)]

Other Threads:
=>0x0000021468c3b800 VMThread "VM Thread" [stack: 0x000000dc0a500000,0x000000dc0a600000] [id=3196]
  0x000002146974c800 WatcherThread [stack: 0x000000dc0ae00000,0x000000dc0af00000] [id=13192]
  0x000002144f4e9800 GCTaskThread "GC Thread#0" [stack: 0x000000dc0a000000,0x000000dc0a100000] [id=9180]
  0x00000214698d0000 GCTaskThread "GC Thread#1" [stack: 0x000000dc0b000000,0x000000dc0b100000] [id=7692]
  0x00000214698d0800 GCTaskThread "GC Thread#2" [stack: 0x000000dc0b100000,0x000000dc0b200000] [id=4108]
  0x000002144f51a800 ConcurrentGCThread "G1 Main Marker" [stack: 0x000000dc0a100000,0x000000dc0a200000] [id=3992]
  0x000002144f51c000 ConcurrentGCThread "G1 Conc#0" [stack: 0x000000dc0a200000,0x000000dc0a300000] [id=10600]
  0x0000021468aa0800 ConcurrentGCThread "G1 Refine#0" [stack: 0x000000dc0a300000,0x000000dc0a400000] [id=5280]
  0x0000021468aa1000 ConcurrentGCThread "G1 Young RemSet Sampling" [stack: 0x000000dc0a400000,0x000000dc0a500000] [id=13300]

Threads with active compile tasks:

VM state:at safepoint (normal execution)

VM Mutex/Monitor currently owned by a thread:  ([mutex/lock_event])
[0x000002144f4cdef0] Threads_lock - owner thread: 0x0000021468c3b800
[0x000002144f4cefd0] Heap_lock - owner thread: 0x000002144f4cf800

Heap address: 0x0000000082c00000, size: 2004 MB, Compressed Oops mode: 32-bit
Narrow klass base: 0x0000000000000000, Narrow klass shift: 3
Compressed class space size: 1073741824 Address: 0x0000000100000000

Heap:
 garbage-first heap   total 129024K, used 1431K [0x0000000082c00000, 0x0000000100000000)
  region size 1024K, 2 young (2048K), 2 survivors (2048K)
 Metaspace       used 7227K, capacity 7346K, committed 7424K, reserved 1064960K
  class space    used 648K, capacity 698K, committed 768K, reserved 1048576K
Heap Regions: E=young(eden), S=young(survivor), O=old, HS=humongous(starts), HC=humongous(continues), CS=collection set, F=free, A=archive, TAMS=top-at-mark-start (previous, next)
|   0|0x0000000082c00000, 0x0000000082c00000, 0x0000000082d00000|  0%| F|  |TAMS 0x0000000082c00000, 0x0000000082c00000| Untracked 
|   1|0x0000000082d00000, 0x0000000082d00000, 0x0000000082e00000|  0%| F|  |TAMS 0x0000000082d00000, 0x0000000082d00000| Untracked 
|   2|0x0000000082e00000, 0x0000000082e00000, 0x0000000082f00000|  0%| F|  |TAMS 0x0000000082e00000, 0x0000000082e00000| Untracked 
|   3|0x0000000082f00000, 0x0000000082f00000, 0x0000000083000000|  0%| F|  |TAMS 0x0000000082f00000, 0x0000000082f00000| Untracked 
|   4|0x0000000083000000, 0x0000000083000000, 0x0000000083100000|  0%| F|  |TAMS 0x0000000083000000, 0x0000000083000000| Untracked 
|   5|0x0000000083100000, 0x0000000083100000, 0x0000000083200000|  0%| F|  |TAMS 0x0000000083100000, 0x0000000083100000| Untracked 
|   6|0x0000000083200000, 0x0000000083200000, 0x0000000083300000|  0%| F|  |TAMS 0x0000000083200000, 0x0000000083200000| Untracked 
|   7|0x0000000083300000, 0x0000000083300000, 0x0000000083400000|  0%| F|  |TAMS 0x0000000083300000, 0x0000000083300000| Untracked 
|   8|0x0000000083400000, 0x0000000083400000, 0x0000000083500000|  0%| F|  |TAMS 0x0000000083400000, 0x0000000083400000| Untracked 
|   9|0x0000000083500000, 0x0000000083500000, 0x0000000083600000|  0%| F|  |TAMS 0x0000000083500000, 0x0000000083500000| Untracked 
|  10|0x0000000083600000, 0x0000000083600000, 0x0000000083700000|  0%| F|  |TAMS 0x0000000083600000, 0x0000000083600000| Untracked 
|  11|0x0000000083700000, 0x0000000083700000, 0x0000000083800000|  0%| F|  |TAMS 0x0000000083700000, 0x0000000083700000| Untracked 
|  12|0x0000000083800000, 0x0000000083800000, 0x0000000083900000|  0%| F|  |TAMS 0x0000000083800000, 0x0000000083800000| Untracked 
|  13|0x0000000083900000, 0x0000000083900000, 0x0000000083a00000|  0%| F|  |TAMS 0x0000000083900000, 0x0000000083900000| Untracked 
|  14|0x0000000083a00000, 0x0000000083a00000, 0x0000000083b00000|  0%| F|  |TAMS 0x0000000083a00000, 0x0000000083a00000| Untracked 
|  15|0x0000000083b00000, 0x0000000083b00000, 0x0000000083c00000|  0%| F|  |TAMS 0x0000000083b00000, 0x0000000083b00000| Untracked 
|  16|0x0000000083c00000, 0x0000000083c00000, 0x0000000083d00000|  0%| F|  |TAMS 0x0000000083c00000, 0x0000000083c00000| Untracked 
|  17|0x0000000083d00000, 0x0000000083d00000, 0x0000000083e00000|  0%| F|  |TAMS 0x0000000083d00000, 0x0000000083d00000| Untracked 
|  18|0x0000000083e00000, 0x0000000083e00000, 0x0000000083f00000|  0%| F|  |TAMS 0x0000000083e00000, 0x0000000083e00000| Untracked 
|  19|0x0000000083f00000, 0x0000000083f00000, 0x0000000084000000|  0%| F|  |TAMS 0x0000000083f00000, 0x0000000083f00000| Untracked 
|  20|0x0000000084000000, 0x0000000084000000, 0x0000000084100000|  0%| F|  |TAMS 0x0000000084000000, 0x0000000084000000| Untracked 
|  21|0x0000000084100000, 0x0000000084100000, 0x0000000084200000|  0%| F|  |TAMS 0x0000000084100000, 0x0000000084100000| Untracked 
|  22|0x0000000084200000, 0x0000000084200000, 0x0000000084300000|  0%| F|  |TAMS 0x0000000084200000, 0x0000000084200000| Untracked 
|  23|0x0000000084300000, 0x0000000084300000, 0x0000000084400000|  0%| F|  |TAMS 0x0000000084300000, 0x0000000084300000| Untracked 
|  24|0x0000000084400000, 0x0000000084400000, 0x0000000084500000|  0%| F|  |TAMS 0x0000000084400000, 0x0000000084400000| Untracked 
|  25|0x0000000084500000, 0x0000000084500000, 0x0000000084600000|  0%| F|  |TAMS 0x0000000084500000, 0x0000000084500000| Untracked 
|  26|0x0000000084600000, 0x0000000084600000, 0x0000000084700000|  0%| F|  |TAMS 0x0000000084600000, 0x0000000084600000| Untracked 
|  27|0x0000000084700000, 0x0000000084700000, 0x0000000084800000|  0%| F|  |TAMS 0x0000000084700000, 0x0000000084700000| Untracked 
|  28|0x0000000084800000, 0x0000000084800000, 0x0000000084900000|  0%| F|  |TAMS 0x0000000084800000, 0x0000000084800000| Untracked 
|  29|0x0000000084900000, 0x0000000084900000, 0x0000000084a00000|  0%| F|  |TAMS 0x0000000084900000, 0x0000000084900000| Untracked 
|  30|0x0000000084a00000, 0x0000000084a00000, 0x0000000084b00000|  0%| F|  |TAMS 0x0000000084a00000, 0x0000000084a00000| Untracked 
|  31|0x0000000084b00000, 0x0000000084b00000, 0x0000000084c00000|  0%| F|  |TAMS 0x0000000084b00000, 0x0000000084b00000| Untracked 
|  32|0x0000000084c00000, 0x0000000084c00000, 0x0000000084d00000|  0%| F|  |TAMS 0x0000000084c00000, 0x0000000084c00000| Untracked 
|  33|0x0000000084d00000, 0x0000000084d00000, 0x0000000084e00000|  0%| F|  |TAMS 0x0000000084d00000, 0x0000000084d00000| Untracked 
|  34|0x0000000084e00000, 0x0000000084e00000, 0x0000000084f00000|  0%| F|  |TAMS 0x0000000084e00000, 0x0000000084e00000| Untracked 
|  35|0x0000000084f00000, 0x0000000084f00000, 0x0000000085000000|  0%| F|  |TAMS 0x0000000084f00000, 0x0000000084f00000| Untracked 
|  36|0x0000000085000000, 0x0000000085000000, 0x0000000085100000|  0%| F|  |TAMS 0x0000000085000000, 0x0000000085000000| Untracked 
|  37|0x0000000085100000, 0x0000000085100000, 0x0000000085200000|  0%| F|  |TAMS 0x0000000085100000, 0x0000000085100000| Untracked 
|  38|0x0000000085200000, 0x0000000085200000, 0x0000000085300000|  0%| F|  |TAMS 0x0000000085200000, 0x0000000085200000| Untracked 
|  39|0x0000000085300000, 0x0000000085300000, 0x0000000085400000|  0%| F|  |TAMS 0x0000000085300000, 0x0000000085300000| Untracked 
|  40|0x0000000085400000, 0x0000000085400000, 0x0000000085500000|  0%| F|  |TAMS 0x0000000085400000, 0x0000000085400000| Untracked 
|  41|0x0000000085500000, 0x0000000085500000, 0x0000000085600000|  0%| F|  |TAMS 0x0000000085500000, 0x0000000085500000| Untracked 
|  42|0x0000000085600000, 0x0000000085600000, 0x0000000085700000|  0%| F|  |TAMS 0x0000000085600000, 0x0000000085600000| Untracked 
|  43|0x0000000085700000, 0x0000000085700000, 0x0000000085800000|  0%| F|  |TAMS 0x0000000085700000, 0x0000000085700000| Untracked 
|  44|0x0000000085800000, 0x0000000085800000, 0x0000000085900000|  0%| F|  |TAMS 0x0000000085800000, 0x0000000085800000| Untracked 
|  45|0x0000000085900000, 0x0000000085900000, 0x0000000085a00000|  0%| F|  |TAMS 0x0000000085900000, 0x0000000085900000| Untracked 
|  46|0x0000000085a00000, 0x0000000085a00000, 0x0000000085b00000|  0%| F|  |TAMS 0x0000000085a00000, 0x0000000085a00000| Untracked 
|  47|0x0000000085b00000, 0x0000000085b00000, 0x0000000085c00000|  0%| F|  |TAMS 0x0000000085b00000, 0x0000000085b00000| Untracked 
|  48|0x0000000085c00000, 0x0000000085c00000, 0x0000000085d00000|  0%| F|  |TAMS 0x0000000085c00000, 0x0000000085c00000| Untracked 
|  49|0x0000000085d00000, 0x0000000085d00000, 0x0000000085e00000|  0%| F|  |TAMS 0x0000000085d00000, 0x0000000085d00000| Untracked 
|  50|0x0000000085e00000, 0x0000000085e00000, 0x0000000085f00000|  0%| F|  |TAMS 0x0000000085e00000, 0x0000000085e00000| Untracked 
|  51|0x0000000085f00000, 0x0000000085f00000, 0x0000000086000000|  0%| F|  |TAMS 0x0000000085f00000, 0x0000000085f00000| Untracked 
|  52|0x0000000086000000, 0x0000000086000000, 0x0000000086100000|  0%| F|  |TAMS 0x0000000086000000, 0x0000000086000000| Untracked 
|  53|0x0000000086100000, 0x0000000086100000, 0x0000000086200000|  0%| F|  |TAMS 0x0000000086100000, 0x0000000086100000| Untracked 
|  54|0x0000000086200000, 0x0000000086200000, 0x0000000086300000|  0%| F|  |TAMS 0x0000000086200000, 0x0000000086200000| Untracked 
|  55|0x0000000086300000, 0x0000000086300000, 0x0000000086400000|  0%| F|  |TAMS 0x0000000086300000, 0x0000000086300000| Untracked 
|  56|0x0000000086400000, 0x0000000086400000, 0x0000000086500000|  0%| F|  |TAMS 0x0000000086400000, 0x0000000086400000| Untracked 
|  57|0x0000000086500000, 0x0000000086500000, 0x0000000086600000|  0%| F|  |TAMS 0x0000000086500000, 0x0000000086500000| Untracked 
|  58|0x0000000086600000, 0x0000000086600000, 0x0000000086700000|  0%| F|  |TAMS 0x0000000086600000, 0x0000000086600000| Untracked 
|  59|0x0000000086700000, 0x0000000086700000, 0x0000000086800000|  0%| F|  |TAMS 0x0000000086700000, 0x0000000086700000| Untracked 
|  60|0x0000000086800000, 0x0000000086800000, 0x0000000086900000|  0%| F|  |TAMS 0x0000000086800000, 0x0000000086800000| Untracked 
|  61|0x0000000086900000, 0x0000000086900000, 0x0000000086a00000|  0%| F|  |TAMS 0x0000000086900000, 0x0000000086900000| Untracked 
|  62|0x0000000086a00000, 0x0000000086a00000, 0x0000000086b00000|  0%| F|  |TAMS 0x0000000086a00000, 0x0000000086a00000| Untracked 
|  63|0x0000000086b00000, 0x0000000086b00000, 0x0000000086c00000|  0%| F|  |TAMS 0x0000000086b00000, 0x0000000086b00000| Untracked 
|  64|0x0000000086c00000, 0x0000000086c00000, 0x0000000086d00000|  0%| F|  |TAMS 0x0000000086c00000, 0x0000000086c00000| Untracked 
|  65|0x0000000086d00000, 0x0000000086d00000, 0x0000000086e00000|  0%| F|  |TAMS 0x0000000086d00000, 0x0000000086d00000| Untracked 
|  66|0x0000000086e00000, 0x0000000086e00000, 0x0000000086f00000|  0%| F|  |TAMS 0x0000000086e00000, 0x0000000086e00000| Untracked 
|  67|0x0000000086f00000, 0x0000000086f00000, 0x0000000087000000|  0%| F|  |TAMS 0x0000000086f00000, 0x0000000086f00000| Untracked 
|  68|0x0000000087000000, 0x0000000087000000, 0x0000000087100000|  0%| F|  |TAMS 0x0000000087000000, 0x0000000087000000| Untracked 
|  69|0x0000000087100000, 0x0000000087100000, 0x0000000087200000|  0%| F|  |TAMS 0x0000000087100000, 0x0000000087100000| Untracked 
|  70|0x0000000087200000, 0x0000000087200000, 0x0000000087300000|  0%| F|  |TAMS 0x0000000087200000, 0x0000000087200000| Untracked 
|  71|0x0000000087300000, 0x0000000087300000, 0x0000000087400000|  0%| F|  |TAMS 0x0000000087300000, 0x0000000087300000| Untracked 
|  72|0x0000000087400000, 0x0000000087400000, 0x0000000087500000|  0%| F|  |TAMS 0x0000000087400000, 0x0000000087400000| Untracked 
|  73|0x0000000087500000, 0x0000000087500000, 0x0000000087600000|  0%| F|  |TAMS 0x0000000087500000, 0x0000000087500000| Untracked 
|  74|0x0000000087600000, 0x0000000087600000, 0x0000000087700000|  0%| F|  |TAMS 0x0000000087600000, 0x0000000087600000| Untracked 
|  75|0x0000000087700000, 0x0000000087700000, 0x0000000087800000|  0%| F|  |TAMS 0x0000000087700000, 0x0000000087700000| Untracked 
|  76|0x0000000087800000, 0x0000000087800000, 0x0000000087900000|  0%| F|  |TAMS 0x0000000087800000, 0x0000000087800000| Untracked 
|  77|0x0000000087900000, 0x0000000087900000, 0x0000000087a00000|  0%| F|  |TAMS 0x0000000087900000, 0x0000000087900000| Untracked 
|  78|0x0000000087a00000, 0x0000000087a00000, 0x0000000087b00000|  0%| F|  |TAMS 0x0000000087a00000, 0x0000000087a00000| Untracked 
|  79|0x0000000087b00000, 0x0000000087b00000, 0x0000000087c00000|  0%| F|  |TAMS 0x0000000087b00000, 0x0000000087b00000| Untracked 
|  80|0x0000000087c00000, 0x0000000087c00000, 0x0000000087d00000|  0%| F|  |TAMS 0x0000000087c00000, 0x0000000087c00000| Untracked 
|  81|0x0000000087d00000, 0x0000000087d00000, 0x0000000087e00000|  0%| F|  |TAMS 0x0000000087d00000, 0x0000000087d00000| Untracked 
|  82|0x0000000087e00000, 0x0000000087e00000, 0x0000000087f00000|  0%| F|  |TAMS 0x0000000087e00000, 0x0000000087e00000| Untracked 
|  83|0x0000000087f00000, 0x0000000087f00000, 0x0000000088000000|  0%| F|  |TAMS 0x0000000087f00000, 0x0000000087f00000| Untracked 
|  84|0x0000000088000000, 0x0000000088000000, 0x0000000088100000|  0%| F|  |TAMS 0x0000000088000000, 0x0000000088000000| Untracked 
|  85|0x0000000088100000, 0x0000000088100000, 0x0000000088200000|  0%| F|  |TAMS 0x0000000088100000, 0x0000000088100000| Untracked 
|  86|0x0000000088200000, 0x0000000088200000, 0x0000000088300000|  0%| F|  |TAMS 0x0000000088200000, 0x0000000088200000| Untracked 
|  87|0x0000000088300000, 0x0000000088300000, 0x0000000088400000|  0%| F|  |TAMS 0x0000000088300000, 0x0000000088300000| Untracked 
|  88|0x0000000088400000, 0x0000000088400000, 0x0000000088500000|  0%| F|  |TAMS 0x0000000088400000, 0x0000000088400000| Untracked 
|  89|0x0000000088500000, 0x0000000088500000, 0x0000000088600000|  0%| F|  |TAMS 0x0000000088500000, 0x0000000088500000| Untracked 
|  90|0x0000000088600000, 0x0000000088600000, 0x0000000088700000|  0%| F|  |TAMS 0x0000000088600000, 0x0000000088600000| Untracked 
|  91|0x0000000088700000, 0x0000000088700000, 0x0000000088800000|  0%| F|  |TAMS 0x0000000088700000, 0x0000000088700000| Untracked 
|  92|0x0000000088800000, 0x0000000088800000, 0x0000000088900000|  0%| F|  |TAMS 0x0000000088800000, 0x0000000088800000| Untracked 
|  93|0x0000000088900000, 0x0000000088900000, 0x0000000088a00000|  0%| F|  |TAMS 0x0000000088900000, 0x0000000088900000| Untracked 
|  94|0x0000000088a00000, 0x0000000088a00000, 0x0000000088b00000|  0%| F|  |TAMS 0x0000000088a00000, 0x0000000088a00000| Untracked 
|  95|0x0000000088b00000, 0x0000000088b00000, 0x0000000088c00000|  0%| F|  |TAMS 0x0000000088b00000, 0x0000000088b00000| Untracked 
|  96|0x0000000088c00000, 0x0000000088c00000, 0x0000000088d00000|  0%| F|  |TAMS 0x0000000088c00000, 0x0000000088c00000| Untracked 
|  97|0x0000000088d00000, 0x0000000088d00000, 0x0000000088e00000|  0%| F|  |TAMS 0x0000000088d00000, 0x0000000088d00000| Untracked 
|  98|0x0000000088e00000, 0x0000000088e00000, 0x0000000088f00000|  0%| F|  |TAMS 0x0000000088e00000, 0x0000000088e00000| Untracked 
|  99|0x0000000088f00000, 0x0000000088f00000, 0x0000000089000000|  0%| F|  |TAMS 0x0000000088f00000, 0x0000000088f00000| Untracked 
| 100|0x0000000089000000, 0x0000000089000000, 0x0000000089100000|  0%| F|  |TAMS 0x0000000089000000, 0x0000000089000000| Untracked 
| 101|0x0000000089100000, 0x0000000089100000, 0x0000000089200000|  0%| F|  |TAMS 0x0000000089100000, 0x0000000089100000| Untracked 
| 102|0x0000000089200000, 0x0000000089200000, 0x0000000089300000|  0%| F|  |TAMS 0x0000000089200000, 0x0000000089200000| Untracked 
| 103|0x0000000089300000, 0x0000000089300000, 0x0000000089400000|  0%| F|  |TAMS 0x0000000089300000, 0x0000000089300000| Untracked 
| 104|0x0000000089400000, 0x0000000089400000, 0x0000000089500000|  0%| F|  |TAMS 0x0000000089400000, 0x0000000089400000| Untracked 
| 105|0x0000000089500000, 0x0000000089500000, 0x0000000089600000|  0%| F|  |TAMS 0x0000000089500000, 0x0000000089500000| Untracked 
| 106|0x0000000089600000, 0x0000000089600000, 0x0000000089700000|  0%| F|  |TAMS 0x0000000089600000, 0x0000000089600000| Untracked 
| 107|0x0000000089700000, 0x0000000089700000, 0x0000000089800000|  0%| F|  |TAMS 0x0000000089700000, 0x0000000089700000| Untracked 
| 108|0x0000000089800000, 0x0000000089800000, 0x0000000089900000|  0%| F|  |TAMS 0x0000000089800000, 0x0000000089800000| Untracked 
| 109|0x0000000089900000, 0x0000000089900000, 0x0000000089a00000|  0%| F|  |TAMS 0x0000000089900000, 0x0000000089900000| Untracked 
| 110|0x0000000089a00000, 0x0000000089a00000, 0x0000000089b00000|  0%| F|  |TAMS 0x0000000089a00000, 0x0000000089a00000| Untracked 
| 111|0x0000000089b00000, 0x0000000089b00000, 0x0000000089c00000|  0%| F|  |TAMS 0x0000000089b00000, 0x0000000089b00000| Untracked 
| 112|0x0000000089c00000, 0x0000000089c00000, 0x0000000089d00000|  0%| F|  |TAMS 0x0000000089c00000, 0x0000000089c00000| Untracked 
| 113|0x0000000089d00000, 0x0000000089d00000, 0x0000000089e00000|  0%| F|  |TAMS 0x0000000089d00000, 0x0000000089d00000| Untracked 
| 114|0x0000000089e00000, 0x0000000089e00000, 0x0000000089f00000|  0%| F|  |TAMS 0x0000000089e00000, 0x0000000089e00000| Untracked 
| 115|0x0000000089f00000, 0x0000000089f00000, 0x000000008a000000|  0%| F|  |TAMS 0x0000000089f00000, 0x0000000089f00000| Untracked 
| 116|0x000000008a000000, 0x000000008a000000, 0x000000008a100000|  0%| F|  |TAMS 0x000000008a000000, 0x000000008a000000| Untracked 
| 117|0x000000008a100000, 0x000000008a100000, 0x000000008a200000|  0%| F|  |TAMS 0x000000008a100000, 0x000000008a100000| Untracked 
| 118|0x000000008a200000, 0x000000008a265e08, 0x000000008a300000| 39%| S|CS|TAMS 0x000000008a200000, 0x000000008a200000| Complete 
| 119|0x000000008a300000, 0x000000008a400000, 0x000000008a400000|100%| S|CS|TAMS 0x000000008a300000, 0x000000008a300000| Complete 
| 120|0x000000008a400000, 0x000000008a400000, 0x000000008a500000|  0%| F|  |TAMS 0x000000008a400000, 0x000000008a400000| Untracked 
| 121|0x000000008a500000, 0x000000008a500000, 0x000000008a600000|  0%| F|  |TAMS 0x000000008a500000, 0x000000008a500000| Untracked 
| 122|0x000000008a600000, 0x000000008a600000, 0x000000008a700000|  0%| F|  |TAMS 0x000000008a600000, 0x000000008a600000| Untracked 
| 123|0x000000008a700000, 0x000000008a700000, 0x000000008a800000|  0%| F|  |TAMS 0x000000008a700000, 0x000000008a700000| Untracked 
| 124|0x000000008a800000, 0x000000008a800000, 0x000000008a900000|  0%| F|  |TAMS 0x000000008a800000, 0x000000008a800000| Untracked 
| 125|0x000000008a900000, 0x000000008a900000, 0x000000008aa00000|  0%| F|  |TAMS 0x000000008a900000, 0x000000008a900000| Untracked 

Card table byte_map: [0x00000214620e0000,0x00000214624d0000] _byte_map_base: 0x0000021461cca000

Marking Bits (Prev, Next): (CMBitMap*) 0x000002144f511a88, (CMBitMap*) 0x000002144f511ac0
 Prev Bits: [0x00000214628c0000, 0x0000021464810000)
 Next Bits: [0x0000021464810000, 0x0000021466760000)

Polling page: 0x000002144d2a0000

Metaspace:

Usage:
  Non-class:      6.49 MB capacity,     6.42 MB ( 99%) used,    64.87 KB ( <1%) free+waste,     4.13 KB ( <1%) overhead. 
      Class:    698.00 KB capacity,   648.36 KB ( 93%) used,    47.95 KB (  7%) free+waste,     1.69 KB ( <1%) overhead. 
       Both:      7.17 MB capacity,     7.06 MB ( 98%) used,   112.82 KB (  2%) free+waste,     5.81 KB ( <1%) overhead. 

Virtual space:
  Non-class space:       16.00 MB reserved,       6.50 MB ( 41%) committed 
      Class space:        1.00 GB reserved,     768.00 KB ( <1%) committed 
             Both:        1.02 GB reserved,       7.25 MB ( <1%) committed 

Chunk freelists:
   Non-Class:  8.00 KB
       Class:  6.00 KB
        Both:  14.00 KB

MaxMetaspaceSize: 17179869184.00 GB
CompressedClassSpaceSize: 1.00 GB

CodeHeap 'non-profiled nmethods': size=120064Kb used=57Kb max_used=57Kb free=120006Kb
 bounds [0x000002145a7b0000, 0x000002145aa20000, 0x0000021461cf0000]
CodeHeap 'profiled nmethods': size=120000Kb used=452Kb max_used=452Kb free=119547Kb
 bounds [0x0000021453280000, 0x00000214534f0000, 0x000002145a7b0000]
CodeHeap 'non-nmethods': size=5696Kb used=1050Kb max_used=1057Kb free=4645Kb
 bounds [0x0000021452cf0000, 0x0000021452f60000, 0x0000021453280000]
 total_blobs=642 nmethods=291 adapters=264
 compilation: enabled
              stopped_count=0, restarted_count=0
 full_count=0

Compilation events (20 events):
Event: 0.827 Thread 0x0000021468c75800  282       3       java.util.zip.ZipFile$Source::getEntryHash (7 bytes)
Event: 0.827 Thread 0x0000021468c75800 nmethod 282 0x00000214532eed90 code [0x00000214532eef40, 0x00000214532ef078]
Event: 0.827 Thread 0x0000021468c75800  283       1       java.net.URL::getProtocol (5 bytes)
Event: 0.828 Thread 0x0000021468c75800 nmethod 283 0x000002145a7be010 code [0x000002145a7be1c0, 0x000002145a7be278]
Event: 0.830 Thread 0x0000021468c75800  284       1       java.util.ArrayList::size (5 bytes)
Event: 0.830 Thread 0x0000021468c75800 nmethod 284 0x000002145a7be310 code [0x000002145a7be4c0, 0x000002145a7be578]
Event: 0.832 Thread 0x0000021468c75800  285       3       java.nio.ByteBuffer::position (8 bytes)
Event: 0.832 Thread 0x0000021468c75800 nmethod 285 0x00000214532ef190 code [0x00000214532ef340, 0x00000214532ef488]
Event: 0.832 Thread 0x0000021468c75800  286       3       java.nio.Buffer::limit (65 bytes)
Event: 0.833 Thread 0x0000021468c75800 nmethod 286 0x00000214532ef510 code [0x00000214532ef6e0, 0x00000214532ef988]
Event: 0.833 Thread 0x0000021468c75800  287       3       java.nio.ByteBuffer::arrayOffset (35 bytes)
Event: 0.833 Thread 0x0000021468c75800 nmethod 287 0x00000214532efa90 code [0x00000214532efc60, 0x00000214532efed8]
Event: 0.833 Thread 0x0000021468c75800  288       3       java.nio.CharBuffer::arrayOffset (35 bytes)
Event: 0.834 Thread 0x0000021468c75800 nmethod 288 0x00000214532f0010 code [0x00000214532f01e0, 0x00000214532f0458]
Event: 0.834 Thread 0x0000021468c75800  289       3       java.nio.charset.CoderResult::isUnderflow (13 bytes)
Event: 0.834 Thread 0x0000021468c75800 nmethod 289 0x00000214532f0590 code [0x00000214532f0740, 0x00000214532f0898]
Event: 0.840 Thread 0x0000021468c75800  290       3       java.lang.invoke.MemberName::isInvocable (7 bytes)
Event: 0.841 Thread 0x0000021468c75800 nmethod 290 0x00000214532f0910 code [0x00000214532f0ae0, 0x00000214532f0d58]
Event: 0.841 Thread 0x0000021468c75800  291       3       java.lang.invoke.MemberName::testAnyFlags (15 bytes)
Event: 0.841 Thread 0x0000021468c75800 nmethod 291 0x00000214532f0e90 code [0x00000214532f1040, 0x00000214532f1258]

GC Heap History (2 events):
Event: 0.854 GC heap before
{Heap before GC invocations=0 (full 0):
 garbage-first heap   total 129024K, used 4096K [0x0000000082c00000, 0x0000000100000000)
  region size 1024K, 6 young (6144K), 0 survivors (0K)
 Metaspace       used 7227K, capacity 7346K, committed 7424K, reserved 1062912K
  class space    used 648K, capacity 698K, committed 768K, reserved 1048576K
}
Event: 0.870 GC heap after
{Heap after GC invocations=1 (full 0):
 garbage-first heap   total 129024K, used 1431K [0x0000000082c00000, 0x0000000100000000)
  region size 1024K, 2 young (2048K), 2 survivors (2048K)
 Metaspace       used 7227K, capacity 7346K, committed 7424K, reserved 1062912K
  class space    used 648K, capacity 698K, committed 768K, reserved 1048576K
}

Deoptimization events (8 events):
Event: 0.466 Thread 0x000002144f4cf800 Uncommon trap: trap_request=0xffffff4d fr.pc=0x000002145a7b3d24 relative=0x0000000000000184
Event: 0.466 Thread 0x000002144f4cf800 Uncommon trap: reason=unstable_if action=reinterpret pc=0x000002145a7b3d24 method=java.lang.String.hashCode()I @ 14 c2
Event: 0.466 Thread 0x000002144f4cf800 DEOPT PACKING pc=0x000002145a7b3d24 sp=0x000000dc09ffd590
Event: 0.466 Thread 0x000002144f4cf800 DEOPT UNPACKING pc=0x0000021452d168a9 sp=0x000000dc09ffd528 mode 2
Event: 0.816 Thread 0x000002144f4cf800 Uncommon trap: trap_request=0xffffff4d fr.pc=0x000002145a7b4630 relative=0x0000000000000070
Event: 0.816 Thread 0x000002144f4cf800 Uncommon trap: reason=unstable_if action=reinterpret pc=0x000002145a7b4630 method=java.lang.String.isLatin1()Z @ 10 c2
Event: 0.816 Thread 0x000002144f4cf800 DEOPT PACKING pc=0x000002145a7b4630 sp=0x000000dc09ffe0e0
Event: 0.816 Thread 0x000002144f4cf800 DEOPT UNPACKING pc=0x0000021452d168a9 sp=0x000000dc09ffe020 mode 2

Classes redefined (0 events):
No events

Internal exceptions (0 events):
No events

Events (20 events):
Event: 0.839 loading class java/util/concurrent/ConcurrentNavigableMap
Event: 0.839 loading class java/util/concurrent/ConcurrentNavigableMap done
Event: 0.839 loading class java/util/concurrent/ConcurrentSkipListMap done
Event: 0.840 loading class java/util/concurrent/ConcurrentSkipListMap$Index
Event: 0.840 loading class java/util/concurrent/ConcurrentSkipListMap$Index done
Event: 0.840 loading class java/lang/invoke/VarHandleObjects$FieldInstanceReadWrite
Event: 0.840 loading class java/lang/invoke/VarHandleObjects$FieldInstanceReadOnly
Event: 0.840 loading class java/lang/invoke/VarHandleObjects$FieldInstanceReadOnly done
Event: 0.840 loading class java/lang/invoke/VarHandleObjects$FieldInstanceReadWrite done
Event: 0.841 loading class java/util/concurrent/atomic/LongAdder
Event: 0.841 loading class java/util/concurrent/atomic/Striped64
Event: 0.842 loading class java/util/concurrent/atomic/Striped64 done
Event: 0.842 loading class java/util/concurrent/atomic/LongAdder done
Event: 0.842 loading class java/util/concurrent/ConcurrentSkipListMap$Node
Event: 0.842 loading class java/util/concurrent/ConcurrentSkipListMap$Node done
Event: 0.842 loading class java/net/InetAddressImplFactory
Event: 0.842 loading class java/net/InetAddressImplFactory done
Event: 0.843 loading class java/net/Inet6AddressImpl
Event: 0.843 loading class java/net/InetAddressImpl
Event: 0.843 Executing VM operation: CollectForMetadataAllocation


Dynamic libraries:
0x00007ff66e3d0000 - 0x00007ff66e3da000 	C:\Program Files\JetBrains\IntelliJ IDEA Community Edition 2020.2.3\jbr\bin\java.exe
0x00007ffe14980000 - 0x00007ffe14b70000 	C:\WINDOWS\SYSTEM32\ntdll.dll
0x00007ffde7c70000 - 0x00007ffde7c82000 	C:\Program Files\Avast Software\Avast\aswhook.dll
0x00007ffe13a40000 - 0x00007ffe13af2000 	C:\WINDOWS\System32\KERNEL32.DLL
0x00007ffe125c0000 - 0x00007ffe12865000 	C:\WINDOWS\System32\KERNELBASE.dll
0x00007ffe119b0000 - 0x00007ffe11aaa000 	C:\WINDOWS\System32\ucrtbase.dll
0x00007ffe09a10000 - 0x00007ffe09a29000 	C:\Program Files\JetBrains\IntelliJ IDEA Community Edition 2020.2.3\jbr\bin\jli.dll
0x00007ffe12aa0000 - 0x00007ffe12c34000 	C:\WINDOWS\System32\USER32.dll
0x00007ffe118f0000 - 0x00007ffe11911000 	C:\WINDOWS\System32\win32u.dll
0x00007ffe14280000 - 0x00007ffe142a6000 	C:\WINDOWS\System32\GDI32.dll
0x00007ffe12890000 - 0x00007ffe12a26000 	C:\WINDOWS\System32\gdi32full.dll
0x00007ffe11ab0000 - 0x00007ffe11b4e000 	C:\WINDOWS\System32\msvcp_win.dll
0x00007ffdc9650000 - 0x00007ffdc9667000 	C:\Program Files\JetBrains\IntelliJ IDEA Community Edition 2020.2.3\jbr\bin\VCRUNTIME140.dll
0x00007ffe10c80000 - 0x00007ffe10f04000 	C:\WINDOWS\WinSxS\amd64_microsoft.windows.common-controls_6595b64144ccf1df_6.0.18362.1256_none_9e7e379be45e40e2\COMCTL32.dll
0x00007ffe13c90000 - 0x00007ffe13d2e000 	C:\WINDOWS\System32\msvcrt.dll
0x00007ffe14590000 - 0x00007ffe148c6000 	C:\WINDOWS\System32\combase.dll
0x00007ffe13b00000 - 0x00007ffe13c20000 	C:\WINDOWS\System32\RPCRT4.dll
0x00007ffe11920000 - 0x00007ffe119a1000 	C:\WINDOWS\System32\bcryptPrimitives.dll
0x00007ffe13d40000 - 0x00007ffe13d6e000 	C:\WINDOWS\System32\IMM32.DLL
0x00007ffdc7ae0000 - 0x00007ffdc7b7d000 	C:\Program Files\JetBrains\IntelliJ IDEA Community Edition 2020.2.3\jbr\bin\msvcp140.dll
0x00007ffdc7d50000 - 0x00007ffdc880d000 	C:\Program Files\JetBrains\IntelliJ IDEA Community Edition 2020.2.3\jbr\bin\server\jvm.dll
0x00007ffe13610000 - 0x00007ffe136b3000 	C:\WINDOWS\System32\ADVAPI32.dll
0x00007ffe13d70000 - 0x00007ffe13e07000 	C:\WINDOWS\System32\sechost.dll
0x00007ffe13d30000 - 0x00007ffe13d38000 	C:\WINDOWS\System32\PSAPI.DLL
0x00007ffdfd7d0000 - 0x00007ffdfd7d9000 	C:\WINDOWS\SYSTEM32\WSOCK32.dll
0x00007ffe13c20000 - 0x00007ffe13c8f000 	C:\WINDOWS\System32\WS2_32.dll
0x00007ffe0edb0000 - 0x00007ffe0edd4000 	C:\WINDOWS\SYSTEM32\WINMM.dll
0x00007ffe09170000 - 0x00007ffe0917a000 	C:\WINDOWS\SYSTEM32\VERSION.dll
0x00007ffe0ec30000 - 0x00007ffe0ec5d000 	C:\WINDOWS\SYSTEM32\WINMMBASE.dll
0x00007ffe12460000 - 0x00007ffe124aa000 	C:\WINDOWS\System32\cfgmgr32.dll
0x00007ffe118d0000 - 0x00007ffe118e1000 	C:\WINDOWS\System32\kernel.appcore.dll
0x00007ffdc9630000 - 0x00007ffdc9641000 	C:\Program Files\JetBrains\IntelliJ IDEA Community Edition 2020.2.3\jbr\bin\verify.dll
0x00007ffe110e0000 - 0x00007ffe112d4000 	C:\WINDOWS\SYSTEM32\DBGHELP.DLL
0x00007ffe11030000 - 0x00007ffe1105a000 	C:\WINDOWS\SYSTEM32\dbgcore.DLL
0x00007ffdc9600000 - 0x00007ffdc9629000 	C:\Program Files\JetBrains\IntelliJ IDEA Community Edition 2020.2.3\jbr\bin\java.dll
0x00007ffde9280000 - 0x00007ffde928b000 	C:\Program Files\JetBrains\IntelliJ IDEA Community Edition 2020.2.3\jbr\bin\jimage.dll
0x00007ffdc95e0000 - 0x00007ffdc95f8000 	C:\Program Files\JetBrains\IntelliJ IDEA Community Edition 2020.2.3\jbr\bin\zip.dll
0x00007ffe12dd0000 - 0x00007ffe134b7000 	C:\WINDOWS\System32\SHELL32.dll
0x00007ffe12c40000 - 0x00007ffe12ce9000 	C:\WINDOWS\System32\shcore.dll
0x00007ffe11b50000 - 0x00007ffe122d1000 	C:\WINDOWS\System32\windows.storage.dll
0x00007ffe11830000 - 0x00007ffe11853000 	C:\WINDOWS\System32\profapi.dll
0x00007ffe11860000 - 0x00007ffe118aa000 	C:\WINDOWS\System32\powrprof.dll
0x00007ffe11820000 - 0x00007ffe11830000 	C:\WINDOWS\System32\UMPDC.dll
0x00007ffe13740000 - 0x00007ffe13792000 	C:\WINDOWS\System32\shlwapi.dll
0x00007ffe12870000 - 0x00007ffe12887000 	C:\WINDOWS\System32\cryptsp.dll
0x00007ffdc95c0000 - 0x00007ffdc95da000 	C:\Program Files\JetBrains\IntelliJ IDEA Community Edition 2020.2.3\jbr\bin\net.dll
0x00007ffdff9c0000 - 0x00007ffdffab0000 	C:\WINDOWS\SYSTEM32\WINHTTP.dll
0x00007ffe10af0000 - 0x00007ffe10b57000 	C:\WINDOWS\system32\mswsock.dll
0x00007ffdc7d30000 - 0x00007ffdc7d44000 	C:\Program Files\JetBrains\IntelliJ IDEA Community Edition 2020.2.3\jbr\bin\nio.dll

dbghelp: loaded successfully - version: 4.0.5 - missing functions: none
symbol engine: initialized successfully - sym options: 0x614 - pdb path: .;C:\Program Files\JetBrains\IntelliJ IDEA Community Edition 2020.2.3\jbr\bin;C:\WINDOWS\SYSTEM32;C:\Program Files\Avast Software\Avast;C:\WINDOWS\WinSxS\amd64_microsoft.windows.common-controls_6595b64144ccf1df_6.0.18362.1256_none_9e7e379be45e40e2;C:\Program Files\JetBrains\IntelliJ IDEA Community Edition 2020.2.3\jbr\bin\server

VM Arguments:
java_command: org.jetbrains.git4idea.http.GitAskPassApp Password for 'https://meteosplash@github.com': 
java_class_path (initial): C:/Program Files/JetBrains/IntelliJ IDEA Community Edition 2020.2.3/plugins/git4idea/lib/git4idea-rt.jar;C:/Program Files/JetBrains/IntelliJ IDEA Community Edition 2020.2.3/lib/xmlrpc-2.0.1.jar;C:/Program Files/JetBrains/IntelliJ IDEA Community Edition 2020.2.3/lib/commons-codec-1.14.jar
Launcher Type: SUN_STANDARD

[Global flags]
     intx CICompilerCount                          = 3                                         {product} {ergonomic}
     uint ConcGCThreads                            = 1                                         {product} {ergonomic}
     uint G1ConcRefinementThreads                  = 4                                         {product} {ergonomic}
   size_t G1HeapRegionSize                         = 1048576                                   {product} {ergonomic}
    uintx GCDrainStackTargetSize                   = 64                                        {product} {ergonomic}
   size_t InitialHeapSize                          = 132120576                                 {product} {ergonomic}
   size_t MarkStackSize                            = 4194304                                   {product} {ergonomic}
   size_t MaxHeapSize                              = 2101346304                                {product} {ergonomic}
   size_t MaxNewSize                               = 1260388352                                {product} {ergonomic}
   size_t MinHeapDeltaBytes                        = 1048576                                   {product} {ergonomic}
    uintx NonNMethodCodeHeapSize                   = 5830732                                {pd product} {ergonomic}
    uintx NonProfiledCodeHeapSize                  = 122913754                              {pd product} {ergonomic}
    uintx ProfiledCodeHeapSize                     = 122913754                              {pd product} {ergonomic}
    uintx ReservedCodeCacheSize                    = 251658240                              {pd product} {ergonomic}
     bool SegmentedCodeCache                       = true                                      {product} {ergonomic}
     bool UseCompressedClassPointers               = true                                 {lp64_product} {ergonomic}
     bool UseCompressedOops                        = true                                 {lp64_product} {ergonomic}
     bool UseG1GC                                  = true                                      {product} {ergonomic}
     bool UseLargePagesIndividualAllocation        = false                                  {pd product} {ergonomic}

Logging:
Log output configuration:
 #0: stdout all=warning uptime,level,tags
 #1: stderr all=off uptime,level,tags

Environment Variables:
PATH=C:\Program Files\Git\mingw64\libexec\git-core;C:\Program Files\Git\mingw64\libexec\git-core;C:\Program Files\Git\mingw64\bin;C:\Program Files\Git\usr\bin;C:\Users\user\bin;C:\Program Files (x86)\Common Files\Oracle\Java\javapath;C:\WINDOWS\system32;C:\WINDOWS;C:\WINDOWS\System32\Wbem;C:\WINDOWS\System32\WindowsPowerShell\v1.0;C:\WINDOWS\System32\OpenSSH;C:\Program Files\Intel\WiFi\bin;C:\Program Files\Common Files\Intel\WirelessCommon;C:\Program Files\Git\cmd;C:\Users\user\AppData\Local\Microsoft\WindowsApps
USERNAME=user
DISPLAY=:0.0
LC_ALL=en_US.UTF-8
OS=Windows_NT
PROCESSOR_IDENTIFIER=Intel64 Family 6 Model 122 Stepping 1, GenuineIntel



---------------  S Y S T E M  ---------------

OS: Windows 10 , 64 bit Build 18362 (10.0.18362.1110)
OS uptime: 0 days 2:15 hours

CPU:total 4 (initial active 4) (4 cores per cpu, 1 threads per core) family 6 model 122 stepping 1, cmov, cx8, fxsr, mmx, sse, sse2, sse3, ssse3, sse4.1, sse4.2, popcnt, aes, clmul, erms, 3dnowpref, tsc, tscinvbit, sha

Memory: 4k page, system-wide physical 8012M (1076M free)
TotalPageFile size 8012M (AvailPageFile size 4M)
current process WorkingSet (physical memory assigned to process): 44M, peak: 44M
current process commit charge ("private bytes"): 196M, peak: 197M

vm_info: OpenJDK 64-Bit Server VM (11.0.8+10-b944.34) for windows-amd64 JRE (11.0.8+10-b944.34), built on Sep 11 2020 15:32:11 by "" with MS VC++ 14.0 (VS2015)

END.
