#
# There is insufficient memory for the Java Runtime Environment to continue.
# Native memory allocation (malloc) failed to allocate 48736 bytes for Chunk::new
# Possible reasons:
#   The system is out of physical RAM or swap space
#   The process is running with CompressedOops enabled, and the Java Heap may be blocking the growth of the native heap
# Possible solutions:
#   Reduce memory load on the system
#   Increase physical memory or swap space
#   Check if swap backing store is full
#   Decrease Java heap size (-Xmx/-Xms)
#   Decrease number of Java threads
#   Decrease Java thread stack sizes (-Xss)
#   Set larger code cache with -XX:ReservedCodeCacheSize=
#   JVM is running with Unscaled Compressed Oops mode in which the Java heap is
#     placed in the first 4GB address space. The Java Heap base address is the
#     maximum limit for the native heap growth. Please use -XX:HeapBaseMinAddress
#     to set the Java Heap base and to place the Java Heap above 4GB virtual address.
# This output file may be truncated or incomplete.
#
#  Out of Memory Error (./src/hotspot/share/memory/arena.cpp:197), pid=10944, tid=8644
#
# JRE version:  (11.0.8+10) (build )
# Java VM: OpenJDK 64-Bit Server VM (11.0.8+10-b944.34, mixed mode, tiered, compressed oops, g1 gc, windows-amd64)
# No core dump will be written. Minidumps are not enabled by default on client versions of Windows
#

---------------  S U M M A R Y ------------

Command Line: org.jetbrains.git4idea.http.GitAskPassApp Username for 'https://github.com': 

Host: Intel(R) Celeron(R) N4100 CPU @ 1.10GHz, 4 cores, 7G,  Windows 10 , 64 bit Build 18362 (10.0.18362.1110)
Time: Wed Dec 16 18:50:22 2020 Oeoiieaaineia a?aiy NOA (ceia) elapsed time: 0 seconds (0d 0h 0m 0s)

---------------  T H R E A D  ---------------

Current thread (0x000001747724f800):  JavaThread "Unknown thread" [_thread_in_vm, id=8644, stack(0x00000025a4f00000,0x00000025a5000000)]

Stack: [0x00000025a4f00000,0x00000025a5000000]
Native frames: (J=compiled Java code, j=interpreted, Vv=VM code, C=native code)
V  [jvm.dll+0x5de35a]
V  [jvm.dll+0x712355]
V  [jvm.dll+0x7138ad]
V  [jvm.dll+0x713f63]
V  [jvm.dll+0x23e628]
V  [jvm.dll+0xb8bcc]
V  [jvm.dll+0xb90cc]
V  [jvm.dll+0x1c7fcd]
V  [jvm.dll+0x1c71ee]
V  [jvm.dll+0x6af6f4]
V  [jvm.dll+0x6b0b28]
V  [jvm.dll+0x6b0f45]
V  [jvm.dll+0x6aeab8]
V  [jvm.dll+0x6ae86a]
V  [jvm.dll+0x6ae783]
V  [jvm.dll+0x6f0c35]
V  [jvm.dll+0x6f2858]
V  [jvm.dll+0x355930]
V  [jvm.dll+0x6d492e]
V  [jvm.dll+0x3bdad3]
V  [jvm.dll+0x3bfd01]
C  [jli.dll+0x5373]
C  [ucrtbase.dll+0x210b2]
C  [KERNEL32.DLL+0x17c24]
C  [ntdll.dll+0x6d4d1]


---------------  P R O C E S S  ---------------

Threads class SMR info:
_java_thread_list=0x00000174750d4370, length=0, elements={
}

Java Threads: ( => current thread )

Other Threads:
  0x0000017477269800 GCTaskThread "GC Thread#0" [stack: 0x00000025a5000000,0x00000025a5100000] [id=4364]
  0x000001747729b000 ConcurrentGCThread "G1 Main Marker" [stack: 0x00000025a5100000,0x00000025a5200000] [id=5400]
  0x000001747729c800 ConcurrentGCThread "G1 Conc#0" [stack: 0x00000025a5200000,0x00000025a5300000] [id=14720]
  0x000001747f820800 ConcurrentGCThread "G1 Refine#0" [stack: 0x00000025a5300000,0x00000025a5400000] [id=12688]
  0x000001747f821000 ConcurrentGCThread "G1 Young RemSet Sampling" [stack: 0x00000025a5400000,0x00000025a5500000] [id=2208]

=>0x000001747724f800 (exited) JavaThread "Unknown thread" [_thread_in_vm, id=8644, stack(0x00000025a4f00000,0x00000025a5000000)]

Threads with active compile tasks:

VM state:not at safepoint (not fully initialized)

VM Mutex/Monitor currently owned by a thread: None

Heap address: 0x0000000082c00000, size: 2004 MB, Compressed Oops mode: 32-bit
Narrow klass base: 0x0000000000000000, Narrow klass shift: 3
Compressed class space size: 1073741824 Address: 0x0000000100000000

GC Heap History (0 events):
No events

Deoptimization events (0 events):
No events

Classes redefined (0 events):
No events

Internal exceptions (0 events):
No events

Events (12 events):
Event: 0.016 Loaded shared library C:\Program Files\JetBrains\IntelliJ IDEA Community Edition 2020.2.3\jbr\bin\zip.dll
Event: 0.034 loading class java/lang/Object
Event: 0.034 loading class java/lang/Object done
Event: 0.034 loading class java/lang/String
Event: 0.035 loading class java/io/Serializable
Event: 0.035 loading class java/io/Serializable done
Event: 0.035 loading class java/lang/Comparable
Event: 0.035 loading class java/lang/Comparable done
Event: 0.035 loading class java/lang/CharSequence
Event: 0.035 loading class java/lang/CharSequence done
Event: 0.036 loading class java/lang/String done
Event: 0.036 loading class java/lang/Class


Dynamic libraries:
0x00007ff7447a0000 - 0x00007ff7447aa000 	C:\Program Files\JetBrains\IntelliJ IDEA Community Edition 2020.2.3\jbr\bin\java.exe
0x00007ffa68020000 - 0x00007ffa68210000 	C:\WINDOWS\SYSTEM32\ntdll.dll
0x00007ffa36190000 - 0x00007ffa361a2000 	C:\Program Files\Avast Software\Avast\aswhook.dll
0x00007ffa67310000 - 0x00007ffa673c2000 	C:\WINDOWS\System32\KERNEL32.DLL
0x00007ffa65050000 - 0x00007ffa652f5000 	C:\WINDOWS\System32\KERNELBASE.dll
0x00007ffa65fd0000 - 0x00007ffa660ca000 	C:\WINDOWS\System32\ucrtbase.dll
0x00007ffa521d0000 - 0x00007ffa521e9000 	C:\Program Files\JetBrains\IntelliJ IDEA Community Edition 2020.2.3\jbr\bin\jli.dll
0x00007ffa677b0000 - 0x00007ffa67944000 	C:\WINDOWS\System32\USER32.dll
0x00007ffa64fc0000 - 0x00007ffa64fe1000 	C:\WINDOWS\System32\win32u.dll
0x00007ffa67960000 - 0x00007ffa67986000 	C:\WINDOWS\System32\GDI32.dll
0x00007ffa65d90000 - 0x00007ffa65f26000 	C:\WINDOWS\System32\gdi32full.dll
0x00007ffa65f30000 - 0x00007ffa65fce000 	C:\WINDOWS\System32\msvcp_win.dll
0x00007ffa5d2c0000 - 0x00007ffa5d2d7000 	C:\Program Files\JetBrains\IntelliJ IDEA Community Edition 2020.2.3\jbr\bin\VCRUNTIME140.dll
0x00007ffa53550000 - 0x00007ffa537d4000 	C:\WINDOWS\WinSxS\amd64_microsoft.windows.common-controls_6595b64144ccf1df_6.0.18362.1256_none_9e7e379be45e40e2\COMCTL32.dll
0x00007ffa67710000 - 0x00007ffa677ae000 	C:\WINDOWS\System32\msvcrt.dll
0x00007ffa673d0000 - 0x00007ffa67706000 	C:\WINDOWS\System32\combase.dll
0x00007ffa66460000 - 0x00007ffa66580000 	C:\WINDOWS\System32\RPCRT4.dll
0x00007ffa65b60000 - 0x00007ffa65be1000 	C:\WINDOWS\System32\bcryptPrimitives.dll
0x00007ffa672e0000 - 0x00007ffa6730e000 	C:\WINDOWS\System32\IMM32.DLL
0x00007ffa36ea0000 - 0x00007ffa36f3d000 	C:\Program Files\JetBrains\IntelliJ IDEA Community Edition 2020.2.3\jbr\bin\msvcp140.dll
0x00007ffa16b80000 - 0x00007ffa1763d000 	C:\Program Files\JetBrains\IntelliJ IDEA Community Edition 2020.2.3\jbr\bin\server\jvm.dll
0x00007ffa66c70000 - 0x00007ffa66d13000 	C:\WINDOWS\System32\ADVAPI32.dll
0x00007ffa67990000 - 0x00007ffa67a27000 	C:\WINDOWS\System32\sechost.dll
0x00007ffa662f0000 - 0x00007ffa662f8000 	C:\WINDOWS\System32\PSAPI.DLL
0x00007ffa51b80000 - 0x00007ffa51b89000 	C:\WINDOWS\SYSTEM32\WSOCK32.dll
0x00007ffa67210000 - 0x00007ffa6727f000 	C:\WINDOWS\System32\WS2_32.dll
0x00007ffa624f0000 - 0x00007ffa62514000 	C:\WINDOWS\SYSTEM32\WINMM.dll
0x00007ffa5d010000 - 0x00007ffa5d01a000 	C:\WINDOWS\SYSTEM32\VERSION.dll
0x00007ffa623e0000 - 0x00007ffa6240d000 	C:\WINDOWS\SYSTEM32\WINMMBASE.dll
0x00007ffa65d40000 - 0x00007ffa65d8a000 	C:\WINDOWS\System32\cfgmgr32.dll
0x00007ffa64ed0000 - 0x00007ffa64ee1000 	C:\WINDOWS\System32\kernel.appcore.dll
0x00007ffa54b20000 - 0x00007ffa54b31000 	C:\Program Files\JetBrains\IntelliJ IDEA Community Edition 2020.2.3\jbr\bin\verify.dll
0x00007ffa637d0000 - 0x00007ffa639c4000 	C:\WINDOWS\SYSTEM32\DBGHELP.DLL
0x00007ffa5a170000 - 0x00007ffa5a19a000 	C:\WINDOWS\SYSTEM32\dbgcore.DLL
0x00007ffa4c1e0000 - 0x00007ffa4c209000 	C:\Program Files\JetBrains\IntelliJ IDEA Community Edition 2020.2.3\jbr\bin\java.dll
0x00007ffa600c0000 - 0x00007ffa600cb000 	C:\Program Files\JetBrains\IntelliJ IDEA Community Edition 2020.2.3\jbr\bin\jimage.dll
0x00007ffa3cac0000 - 0x00007ffa3cad8000 	C:\Program Files\JetBrains\IntelliJ IDEA Community Edition 2020.2.3\jbr\bin\zip.dll

dbghelp: loaded successfully - version: 4.0.5 - missing functions: none
symbol engine: initialized successfully - sym options: 0x614 - pdb path: .;C:\Program Files\JetBrains\IntelliJ IDEA Community Edition 2020.2.3\jbr\bin;C:\WINDOWS\SYSTEM32;C:\Program Files\Avast Software\Avast;C:\WINDOWS\WinSxS\amd64_microsoft.windows.common-controls_6595b64144ccf1df_6.0.18362.1256_none_9e7e379be45e40e2;C:\Program Files\JetBrains\IntelliJ IDEA Community Edition 2020.2.3\jbr\bin\server

VM Arguments:
java_command: org.jetbrains.git4idea.http.GitAskPassApp Username for 'https://github.com': 
java_class_path (initial): C:/Program Files/JetBrains/IntelliJ IDEA Community Edition 2020.2.3/plugins/git4idea/lib/git4idea-rt.jar;C:/Program Files/JetBrains/IntelliJ IDEA Community Edition 2020.2.3/lib/xmlrpc-2.0.1.jar;C:/Program Files/JetBrains/IntelliJ IDEA Community Edition 2020.2.3/lib/commons-codec-1.14.jar
Launcher Type: SUN_STANDARD

[Global flags]
     intx CICompilerCount                          = 3                                         {product} {ergonomic}
     uint ConcGCThreads                            = 1                                         {product} {ergonomic}
     uint G1ConcRefinementThreads                  = 4                                         {product} {ergonomic}
   size_t G1HeapRegionSize                         = 1048576                                   {product} {ergonomic}
    uintx GCDrainStackTargetSize                   = 64                                        {product} {ergonomic}
   size_t InitialHeapSize                          = 132120576                                 {product} {ergonomic}
   size_t MarkStackSize                            = 4194304                                   {product} {ergonomic}
   size_t MaxHeapSize                              = 2101346304                                {product} {ergonomic}
   size_t MaxNewSize                               = 1260388352                                {product} {ergonomic}
   size_t MinHeapDeltaBytes                        = 1048576                                   {product} {ergonomic}
    uintx NonNMethodCodeHeapSize                   = 5830732                                {pd product} {ergonomic}
    uintx NonProfiledCodeHeapSize                  = 122913754                              {pd product} {ergonomic}
    uintx ProfiledCodeHeapSize                     = 122913754                              {pd product} {ergonomic}
    uintx ReservedCodeCacheSize                    = 251658240                              {pd product} {ergonomic}
     bool SegmentedCodeCache                       = true                                      {product} {ergonomic}
     bool UseCompressedClassPointers               = true                                 {lp64_product} {ergonomic}
     bool UseCompressedOops                        = true                                 {lp64_product} {ergonomic}
     bool UseG1GC                                  = true                                      {product} {ergonomic}
     bool UseLargePagesIndividualAllocation        = false                                  {pd product} {ergonomic}

Logging:
Log output configuration:
 #0: stdout all=warning uptime,level,tags
 #1: stderr all=off uptime,level,tags

Environment Variables:
PATH=C:\Program Files\Git\mingw64\libexec\git-core;C:\Program Files\Git\mingw64\libexec\git-core;C:\Program Files\Git\mingw64\bin;C:\Program Files\Git\usr\bin;C:\Users\user\bin;C:\Program Files (x86)\Common Files\Oracle\Java\javapath;C:\WINDOWS\system32;C:\WINDOWS;C:\WINDOWS\System32\Wbem;C:\WINDOWS\System32\WindowsPowerShell\v1.0;C:\WINDOWS\System32\OpenSSH;C:\Program Files\Intel\WiFi\bin;C:\Program Files\Common Files\Intel\WirelessCommon;C:\Program Files\Git\cmd;C:\Users\user\AppData\Local\Microsoft\WindowsApps
USERNAME=user
DISPLAY=:0.0
LC_ALL=en_US.UTF-8
OS=Windows_NT
PROCESSOR_IDENTIFIER=Intel64 Family 6 Model 122 Stepping 1, GenuineIntel



---------------  S Y S T E M  ---------------

OS: Windows 10 , 64 bit Build 18362 (10.0.18362.1110)
OS uptime: 6 days 6:59 hours

CPU:total 4 (initial active 4) (4 cores per cpu, 1 threads per core) family 6 model 122 stepping 1, cmov, cx8, fxsr, mmx, sse, sse2, sse3, ssse3, sse4.1, sse4.2, popcnt, aes, clmul, erms, 3dnowpref, tsc, tscinvbit, sha

Memory: 4k page, system-wide physical 8012M (1250M free)
TotalPageFile size 8012M (AvailPageFile size 3M)
current process WorkingSet (physical memory assigned to process): 17M, peak: 17M
current process commit charge ("private bytes"): 185M, peak: 188M

vm_info: OpenJDK 64-Bit Server VM (11.0.8+10-b944.34) for windows-amd64 JRE (11.0.8+10-b944.34), built on Sep 11 2020 15:32:11 by "" with MS VC++ 14.0 (VS2015)

END.
